23:18:45,167  INFO Environment:514 : Hibernate 3.2.6
23:18:45,172  INFO Environment:547 : hibernate.properties not found
23:18:45,175  INFO Environment:681 : Bytecode provider name : cglib
23:18:45,178  INFO Environment:598 : using JDK 1.4 java.sql.Timestamp handling
23:18:45,224  INFO Configuration:1432 : configuring from resource: /hibernate.cfg.xml
23:18:45,224  INFO Configuration:1409 : Configuration resource: /hibernate.cfg.xml
23:18:45,281 DEBUG DTDEntityResolver:38 : trying to resolve system-id [http://hibernate.sourceforge.net/hibernate-configuration-3.0.dtd]
23:18:45,282 DEBUG DTDEntityResolver:40 : recognized hibernate namespace; attempting to resolve on classpath under org/hibernate/
23:18:45,284 DEBUG DTDEntityResolver:50 : located [http://hibernate.sourceforge.net/hibernate-configuration-3.0.dtd] in classpath
23:18:45,310 DEBUG Configuration:1393 : show_sql=true
23:18:45,310 DEBUG Configuration:1393 : format_sql=true
23:18:45,310 DEBUG Configuration:1393 : dialect=dialect.SQLiteDialect
23:18:45,311 DEBUG Configuration:1393 : connection.driver_class=org.sqlite.JDBC
23:18:45,311 DEBUG Configuration:1393 : connection.url=jdbc:sqlite:1.db
23:18:45,312 DEBUG Configuration:1393 : connection.username=
23:18:45,312 DEBUG Configuration:1393 : connection.password=
23:18:45,313 DEBUG Configuration:1592 : null<-org.dom4j.tree.DefaultAttribute@510dc6b5 [Attribute: name resource value "User.hbm.xml"]
23:18:45,314  INFO Configuration:559 : Reading mappings from resource : User.hbm.xml
23:18:45,316 DEBUG DTDEntityResolver:38 : trying to resolve system-id [http://hibernate.sourceforge.net/hibernate-mapping-3.0.dtd]
23:18:45,317 DEBUG DTDEntityResolver:40 : recognized hibernate namespace; attempting to resolve on classpath under org/hibernate/
23:18:45,318 DEBUG DTDEntityResolver:50 : located [http://hibernate.sourceforge.net/hibernate-mapping-3.0.dtd] in classpath
23:18:45,425  INFO HbmBinder:300 : Mapping class: model.User -> users
23:18:45,431 DEBUG HbmBinder:1267 : Mapped property: id -> id
23:18:45,438 DEBUG HbmBinder:1267 : Mapped property: name -> name
23:18:45,439 DEBUG HbmBinder:1267 : Mapped property: password -> password
23:18:45,439  INFO Configuration:1547 : Configured SessionFactory: null
23:18:45,440 DEBUG Configuration:1548 : properties: {java.vendor=Apple Inc., show_sql=true, sun.java.launcher=SUN_STANDARD, hibernate.connection.url=jdbc:sqlite:1.db, sun.management.compiler=HotSpot 64-Bit Tiered Compilers, os.name=Mac OS X, sun.boot.class.path=/System/Library/Java/JavaVirtualMachines/1.6.0.jdk/Contents/Classes/jsfd.jar:/System/Library/Java/JavaVirtualMachines/1.6.0.jdk/Contents/Classes/classes.jar:/System/Library/Frameworks/JavaVM.framework/Frameworks/JavaRuntimeSupport.framework/Resources/Java/JavaRuntimeSupport.jar:/System/Library/Java/JavaVirtualMachines/1.6.0.jdk/Contents/Classes/ui.jar:/System/Library/Java/JavaVirtualMachines/1.6.0.jdk/Contents/Classes/laf.jar:/System/Library/Java/JavaVirtualMachines/1.6.0.jdk/Contents/Classes/sunrsasign.jar:/System/Library/Java/JavaVirtualMachines/1.6.0.jdk/Contents/Classes/jsse.jar:/System/Library/Java/JavaVirtualMachines/1.6.0.jdk/Contents/Classes/jce.jar:/System/Library/Java/JavaVirtualMachines/1.6.0.jdk/Contents/Classes/charsets.jar, java.vm.specification.vendor=Sun Microsystems Inc., java.runtime.version=1.6.0_65-b14-462-11M4609, user.name=rios, awt.nativeDoubleBuffering=true, connection.driver_class=org.sqlite.JDBC, user.language=zh, sun.boot.library.path=/System/Library/Java/JavaVirtualMachines/1.6.0.jdk/Contents/Libraries, dialect=dialect.SQLiteDialect, java.version=1.6.0_65, user.timezone=Asia/Taipei, sun.arch.data.model=64, http.nonProxyHosts=local|*.local|169.254/16|*.169.254/16, java.endorsed.dirs=/System/Library/Java/JavaVirtualMachines/1.6.0.jdk/Contents/Home/lib/endorsed, sun.cpu.isalist=, sun.jnu.encoding=Big5, file.encoding.pkg=sun.io, file.separator=/, java.specification.name=Java Platform API Specification, hibernate.format_sql=true, java.class.version=50.0, user.country=TW, connection.url=jdbc:sqlite:1.db, java.home=/System/Library/Java/JavaVirtualMachines/1.6.0.jdk/Contents/Home, java.vm.info=mixed mode, os.version=10.9.5, path.separator=:, connection.password=, java.vm.version=20.65-b04-462, hibernate.connection.password=, java.awt.printerjob=apple.awt.CPrinterJob, sun.io.unicode.encoding=UnicodeLittle, awt.toolkit=apple.awt.CToolkit, hibernate.connection.username=, socksNonProxyHosts=local|*.local|169.254/16|*.169.254/16, ftp.nonProxyHosts=local|*.local|169.254/16|*.169.254/16, user.home=/Users/rios, java.specification.vendor=Sun Microsystems Inc., java.library.path=.:/Library/Java/Extensions:/System/Library/Java/Extensions:/usr/lib/java, java.vendor.url=http://www.apple.com/, hibernate.connection.driver_class=org.sqlite.JDBC, connection.username=, java.vm.vendor=Apple Inc., gopherProxySet=false, hibernate.dialect=dialect.SQLiteDialect, java.runtime.name=Java(TM) SE Runtime Environment, sun.java.command=RunApp, java.class.path=/Volumes/Data/workspace/HibernateSQLite/target/classes:/Users/rios/.m2/repository/antlr/antlr/2.7.6/antlr-2.7.6.jar:/Users/rios/.m2/repository/asm/asm/1.5.3/asm-1.5.3.jar:/Users/rios/.m2/repository/asm/asm-attrs/1.5.3/asm-attrs-1.5.3.jar:/Users/rios/.m2/repository/c3p0/c3p0/0.9.1/c3p0-0.9.1.jar:/Users/rios/.m2/repository/cglib/cglib/2.1_3/cglib-2.1_3.jar:/Users/rios/.m2/repository/commons-collections/commons-collections/3.2/commons-collections-3.2.jar:/Users/rios/.m2/repository/commons-logging/commons-logging/1.1.1/commons-logging-1.1.1.jar:/Users/rios/.m2/repository/dom4j/dom4j/1.6.1/dom4j-1.6.1.jar:/Users/rios/.m2/repository/net/sf/ehcache/ehcache/1.2.3/ehcache-1.2.3.jar:/Users/rios/.m2/repository/org/hibernate/hibernate/3.2.6.ga/hibernate-3.2.6.ga.jar:/Users/rios/.m2/repository/javax/transaction/jta/1.1/jta-1.1.jar:/Users/rios/.m2/repository/junit/junit/4.5/junit-4.5.jar:/Users/rios/.m2/repository/log4j/log4j/1.2.9/log4j-1.2.9.jar:/Users/rios/.m2/repository/org/xerial/sqlite-jdbc/3.6.0/sqlite-jdbc-3.6.0.jar:/Users/rios/.m2/repository/xml-apis/xml-apis/1.0.b2/xml-apis-1.0.b2.jar, hibernate.bytecode.use_reflection_optimizer=false, java.vm.specification.name=Java Virtual Machine Specification, java.vm.specification.version=1.0, sun.cpu.endian=little, sun.os.patch.level=unknown, java.io.tmpdir=/var/folders/sx/lcwcnlfs5rb5bf2grpgr6ggh0000gn/T/, java.vendor.url.bug=http://bugreport.apple.com/, mrj.build=11M4609, os.arch=x86_64, java.awt.graphicsenv=apple.awt.CGraphicsEnvironment, java.ext.dirs=/Library/Java/Extensions:/System/Library/Java/Extensions:/System/Library/Java/JavaVirtualMachines/1.6.0.jdk/Contents/Home/lib/ext, mrj.version=1070.1.6.0_65-462, user.dir=/Volumes/Data/workspace/HibernateSQLite, line.separator=
, java.vm.name=Java HotSpot(TM) 64-Bit Server VM, file.encoding=Big5, format_sql=true, java.specification.version=1.6, hibernate.show_sql=true}
23:18:45,440 DEBUG Configuration:1291 : Preparing to build session factory with filters : {}
23:18:45,441 DEBUG Configuration:1126 : processing extends queue
23:18:45,441 DEBUG Configuration:1130 : processing collection mappings
23:18:45,441 DEBUG Configuration:1141 : processing native query and ResultSetMapping mappings
23:18:45,442 DEBUG Configuration:1149 : processing association property references
23:18:45,442 DEBUG Configuration:1171 : processing foreign key constraints
23:18:45,496  INFO DriverManagerConnectionProvider:41 : Using Hibernate built-in connection pool (not for production use!)
23:18:45,497  INFO DriverManagerConnectionProvider:42 : Hibernate connection pool size: 20
23:18:45,497  INFO DriverManagerConnectionProvider:45 : autocommit mode: false
23:18:45,500  INFO DriverManagerConnectionProvider:80 : using driver: org.sqlite.JDBC at URL: jdbc:sqlite:1.db
23:18:45,501  INFO DriverManagerConnectionProvider:83 : connection properties: {user=, password=}
23:18:45,501 DEBUG DriverManagerConnectionProvider:93 : total checked-out connections: 0
23:18:45,501 DEBUG DriverManagerConnectionProvider:109 : opening new JDBC connection
23:18:46,246 DEBUG DriverManagerConnectionProvider:115 : created connection to: jdbc:sqlite:1.db, Isolation Level: 8
23:18:46,248  INFO SettingsFactory:89 : RDBMS: SQLite, version: 3.6.0
23:18:46,249  INFO SettingsFactory:90 : JDBC driver: SQLiteJDBC, version: pure
23:18:46,249 DEBUG DriverManagerConnectionProvider:129 : returning connection to pool, pool size: 1
23:18:46,260  INFO Dialect:152 : Using dialect: dialect.SQLiteDialect
23:18:46,264  INFO TransactionFactoryFactory:31 : Using default transaction strategy (direct JDBC transactions)
23:18:46,266  INFO TransactionManagerLookupFactory:33 : No TransactionManagerLookup configured (in JTA environment, use of read-write or transactional second-level cache is not recommended)
23:18:46,267  INFO SettingsFactory:143 : Automatic flush during beforeCompletion(): disabled
23:18:46,267  INFO SettingsFactory:147 : Automatic session close at end of transaction: disabled
23:18:46,268  INFO SettingsFactory:162 : Scrollable result sets: disabled
23:18:46,268 DEBUG SettingsFactory:166 : Wrap result sets: disabled
23:18:46,269  INFO SettingsFactory:170 : JDBC3 getGeneratedKeys(): disabled
23:18:46,269  INFO SettingsFactory:178 : Connection release mode: auto
23:18:46,270  INFO SettingsFactory:205 : Default batch fetch size: 1
23:18:46,270  INFO SettingsFactory:209 : Generate SQL with comments: disabled
23:18:46,270  INFO SettingsFactory:213 : Order SQL updates by primary key: disabled
23:18:46,271  INFO SettingsFactory:217 : Order SQL inserts for batching: disabled
23:18:46,271  INFO SettingsFactory:386 : Query translator: org.hibernate.hql.ast.ASTQueryTranslatorFactory
23:18:46,273  INFO ASTQueryTranslatorFactory:24 : Using ASTQueryTranslatorFactory
23:18:46,274  INFO SettingsFactory:225 : Query language substitutions: {}
23:18:46,274  INFO SettingsFactory:230 : JPA-QL strict compliance: disabled
23:18:46,275  INFO SettingsFactory:235 : Second-level cache: enabled
23:18:46,275  INFO SettingsFactory:239 : Query cache: disabled
23:18:46,275  INFO SettingsFactory:373 : Cache provider: org.hibernate.cache.NoCacheProvider
23:18:46,276  INFO SettingsFactory:254 : Optimize cache for minimal puts: disabled
23:18:46,276  INFO SettingsFactory:263 : Structured second-level cache entries: disabled
23:18:46,277 DEBUG SQLExceptionConverterFactory:52 : Using dialect defined converter
23:18:46,279  INFO SettingsFactory:283 : Echoing all SQL to stdout
23:18:46,279  INFO SettingsFactory:290 : Statistics: disabled
23:18:46,279  INFO SettingsFactory:294 : Deleted entity synthetic identifier rollback: disabled
23:18:46,280  INFO SettingsFactory:309 : Default entity-mode: pojo
23:18:46,280  INFO SettingsFactory:313 : Named query checking : enabled
23:18:46,310  INFO SessionFactoryImpl:161 : building session factory
23:18:46,311 DEBUG SessionFactoryImpl:173 : Session factory constructed with filter configurations : {}
23:18:46,312 DEBUG SessionFactoryImpl:177 : instantiating session factory with properties: {java.vendor=Apple Inc., show_sql=true, sun.java.launcher=SUN_STANDARD, hibernate.connection.url=jdbc:sqlite:1.db, sun.management.compiler=HotSpot 64-Bit Tiered Compilers, os.name=Mac OS X, sun.boot.class.path=/System/Library/Java/JavaVirtualMachines/1.6.0.jdk/Contents/Classes/jsfd.jar:/System/Library/Java/JavaVirtualMachines/1.6.0.jdk/Contents/Classes/classes.jar:/System/Library/Frameworks/JavaVM.framework/Frameworks/JavaRuntimeSupport.framework/Resources/Java/JavaRuntimeSupport.jar:/System/Library/Java/JavaVirtualMachines/1.6.0.jdk/Contents/Classes/ui.jar:/System/Library/Java/JavaVirtualMachines/1.6.0.jdk/Contents/Classes/laf.jar:/System/Library/Java/JavaVirtualMachines/1.6.0.jdk/Contents/Classes/sunrsasign.jar:/System/Library/Java/JavaVirtualMachines/1.6.0.jdk/Contents/Classes/jsse.jar:/System/Library/Java/JavaVirtualMachines/1.6.0.jdk/Contents/Classes/jce.jar:/System/Library/Java/JavaVirtualMachines/1.6.0.jdk/Contents/Classes/charsets.jar, java.vm.specification.vendor=Sun Microsystems Inc., java.runtime.version=1.6.0_65-b14-462-11M4609, user.name=rios, awt.nativeDoubleBuffering=true, connection.driver_class=org.sqlite.JDBC, user.language=zh, sun.boot.library.path=/System/Library/Java/JavaVirtualMachines/1.6.0.jdk/Contents/Libraries, dialect=dialect.SQLiteDialect, java.version=1.6.0_65, user.timezone=Asia/Taipei, sun.arch.data.model=64, http.nonProxyHosts=local|*.local|169.254/16|*.169.254/16, java.endorsed.dirs=/System/Library/Java/JavaVirtualMachines/1.6.0.jdk/Contents/Home/lib/endorsed, sun.cpu.isalist=, sun.jnu.encoding=Big5, file.encoding.pkg=sun.io, file.separator=/, java.specification.name=Java Platform API Specification, hibernate.format_sql=true, java.class.version=50.0, user.country=TW, connection.url=jdbc:sqlite:1.db, java.home=/System/Library/Java/JavaVirtualMachines/1.6.0.jdk/Contents/Home, java.vm.info=mixed mode, os.version=10.9.5, path.separator=:, connection.password=, java.vm.version=20.65-b04-462, hibernate.connection.password=, java.awt.printerjob=apple.awt.CPrinterJob, sun.io.unicode.encoding=UnicodeLittle, awt.toolkit=apple.awt.CToolkit, hibernate.connection.username=, socksNonProxyHosts=local|*.local|169.254/16|*.169.254/16, ftp.nonProxyHosts=local|*.local|169.254/16|*.169.254/16, user.home=/Users/rios, java.specification.vendor=Sun Microsystems Inc., java.library.path=.:/Library/Java/Extensions:/System/Library/Java/Extensions:/usr/lib/java, java.vendor.url=http://www.apple.com/, hibernate.connection.driver_class=org.sqlite.JDBC, connection.username=, java.vm.vendor=Apple Inc., gopherProxySet=false, hibernate.dialect=dialect.SQLiteDialect, java.runtime.name=Java(TM) SE Runtime Environment, sun.java.command=RunApp, java.class.path=/Volumes/Data/workspace/HibernateSQLite/target/classes:/Users/rios/.m2/repository/antlr/antlr/2.7.6/antlr-2.7.6.jar:/Users/rios/.m2/repository/asm/asm/1.5.3/asm-1.5.3.jar:/Users/rios/.m2/repository/asm/asm-attrs/1.5.3/asm-attrs-1.5.3.jar:/Users/rios/.m2/repository/c3p0/c3p0/0.9.1/c3p0-0.9.1.jar:/Users/rios/.m2/repository/cglib/cglib/2.1_3/cglib-2.1_3.jar:/Users/rios/.m2/repository/commons-collections/commons-collections/3.2/commons-collections-3.2.jar:/Users/rios/.m2/repository/commons-logging/commons-logging/1.1.1/commons-logging-1.1.1.jar:/Users/rios/.m2/repository/dom4j/dom4j/1.6.1/dom4j-1.6.1.jar:/Users/rios/.m2/repository/net/sf/ehcache/ehcache/1.2.3/ehcache-1.2.3.jar:/Users/rios/.m2/repository/org/hibernate/hibernate/3.2.6.ga/hibernate-3.2.6.ga.jar:/Users/rios/.m2/repository/javax/transaction/jta/1.1/jta-1.1.jar:/Users/rios/.m2/repository/junit/junit/4.5/junit-4.5.jar:/Users/rios/.m2/repository/log4j/log4j/1.2.9/log4j-1.2.9.jar:/Users/rios/.m2/repository/org/xerial/sqlite-jdbc/3.6.0/sqlite-jdbc-3.6.0.jar:/Users/rios/.m2/repository/xml-apis/xml-apis/1.0.b2/xml-apis-1.0.b2.jar, hibernate.bytecode.use_reflection_optimizer=false, java.vm.specification.name=Java Virtual Machine Specification, java.vm.specification.version=1.0, sun.cpu.endian=little, sun.os.patch.level=unknown, java.io.tmpdir=/var/folders/sx/lcwcnlfs5rb5bf2grpgr6ggh0000gn/T/, java.vendor.url.bug=http://bugreport.apple.com/, mrj.build=11M4609, os.arch=x86_64, java.awt.graphicsenv=apple.awt.CGraphicsEnvironment, java.ext.dirs=/Library/Java/Extensions:/System/Library/Java/Extensions:/System/Library/Java/JavaVirtualMachines/1.6.0.jdk/Contents/Home/lib/ext, mrj.version=1070.1.6.0_65-462, user.dir=/Volumes/Data/workspace/HibernateSQLite, line.separator=
, java.vm.name=Java HotSpot(TM) 64-Bit Server VM, file.encoding=Big5, format_sql=true, java.specification.version=1.6, hibernate.show_sql=true}
23:18:46,449 DEBUG AbstractEntityPersister:2743 : Static SQL for entity: model.User
23:18:46,459 DEBUG AbstractEntityPersister:2748 :  Version select: select id from users where id =?
23:18:46,459 DEBUG AbstractEntityPersister:2751 :  Snapshot select: select user_.id, user_.name as name0_, user_.password as password0_ from users user_ where user_.id=?
23:18:46,459 DEBUG AbstractEntityPersister:2754 :  Insert 0: insert into users (name, password, id) values (?, ?, ?)
23:18:46,459 DEBUG AbstractEntityPersister:2755 :  Update 0: update users set name=?, password=? where id=?
23:18:46,460 DEBUG AbstractEntityPersister:2756 :  Delete 0: delete from users where id=?
23:18:46,460 DEBUG AbstractEntityPersister:2760 :  Identity insert: insert into users (name, password) values (?, ?)
23:18:46,473 DEBUG EntityLoader:79 : Static select for entity model.User: select user0_.id as id0_0_, user0_.name as name0_0_, user0_.password as password0_0_ from users user0_ where user0_.id=?
23:18:46,473 DEBUG EntityLoader:79 : Static select for entity model.User: select user0_.id as id0_0_, user0_.name as name0_0_, user0_.password as password0_0_ from users user0_ where user0_.id=?
23:18:46,473 DEBUG EntityLoader:79 : Static select for entity model.User: select user0_.id as id0_0_, user0_.name as name0_0_, user0_.password as password0_0_ from users user0_ where user0_.id=?
23:18:46,474 DEBUG EntityLoader:79 : Static select for entity model.User: select user0_.id as id0_0_, user0_.name as name0_0_, user0_.password as password0_0_ from users user0_ where user0_.id=?
23:18:46,474 DEBUG EntityLoader:79 : Static select for entity model.User: select user0_.id as id0_0_, user0_.name as name0_0_, user0_.password as password0_0_ from users user0_ where user0_.id=?
23:18:46,480 DEBUG EntityLoader:34 : Static select for action ACTION_MERGE on entity model.User: select user0_.id as id0_0_, user0_.name as name0_0_, user0_.password as password0_0_ from users user0_ where user0_.id=?
23:18:46,480 DEBUG EntityLoader:34 : Static select for action ACTION_REFRESH on entity model.User: select user0_.id as id0_0_, user0_.name as name0_0_, user0_.password as password0_0_ from users user0_ where user0_.id=?
23:18:46,482 DEBUG SessionFactoryObjectFactory:39 : initializing class SessionFactoryObjectFactory
23:18:46,482 DEBUG SessionFactoryObjectFactory:76 : registered: 8a808189507661b501507661b5d00000 (unnamed)
23:18:46,483  INFO SessionFactoryObjectFactory:82 : Not binding factory to JNDI, no JNDI name configured
23:18:46,483 DEBUG SessionFactoryImpl:308 : instantiated session factory
23:18:46,483 DEBUG SessionFactoryImpl:392 : Checking 0 named HQL queries
23:18:46,483 DEBUG SessionFactoryImpl:412 : Checking 0 named SQL queries
23:18:46,508 DEBUG SessionImpl:220 : opened session at timestamp: 14450951264
23:18:46,510 DEBUG JDBCTransaction:54 : begin
23:18:46,510 DEBUG ConnectionManager:421 : opening JDBC connection
23:18:46,510 DEBUG DriverManagerConnectionProvider:93 : total checked-out connections: 0
23:18:46,510 DEBUG DriverManagerConnectionProvider:99 : using pooled JDBC connection, pool size: 0
23:18:46,510 DEBUG JDBCTransaction:59 : current autocommit status: false
23:18:46,510 DEBUG JDBCContext:214 : after transaction begin
23:18:46,512 DEBUG DefaultSaveOrUpdateEventListener:158 : saving transient instance
23:18:46,513 DEBUG AbstractSaveEventListener:153 : saving [model.User#<null>]
23:18:46,513 DEBUG AbstractSaveEventListener:244 : executing insertions
23:18:46,518 DEBUG AbstractSaveEventListener:297 : executing identity-insert immediately
23:18:46,519 DEBUG AbstractEntityPersister:2149 : Inserting entity: model.User (native id)
23:18:46,519 DEBUG AbstractBatcher:366 : about to open PreparedStatement (open PreparedStatements: 0, globally: 0)
23:18:46,521 DEBUG SQL:401 : 
    insert 
    into
        users
        (name, password) 
    values
        (?, ?)
23:18:46,521 DEBUG AbstractBatcher:484 : preparing statement
23:18:46,548 DEBUG AbstractEntityPersister:1997 : Dehydrating entity: [model.User#<null>]
23:18:46,548 DEBUG StringType:133 : binding 'apple' to parameter: 1
23:18:46,549 DEBUG StringType:133 : binding '123456' to parameter: 2
23:18:46,551 DEBUG AbstractBatcher:374 : about to close PreparedStatement (open PreparedStatements: 1, globally: 1)
23:18:46,551 DEBUG AbstractBatcher:533 : closing statement
23:18:46,552 DEBUG AbstractBatcher:366 : about to open PreparedStatement (open PreparedStatements: 0, globally: 0)
23:18:46,552 DEBUG SQL:401 : 
    select
        last_insert_rowid()
23:18:46,553 DEBUG AbstractBatcher:484 : preparing statement
23:18:46,554 DEBUG IdentifierGeneratorFactory:72 : Natively generated identity: 3
23:18:46,554 DEBUG AbstractBatcher:374 : about to close PreparedStatement (open PreparedStatements: 1, globally: 1)
23:18:46,555 DEBUG AbstractBatcher:533 : closing statement
23:18:46,557 DEBUG JDBCTransaction:103 : commit
23:18:46,557 DEBUG SessionImpl:337 : automatically flushing session
23:18:46,557 DEBUG AbstractFlushingEventListener:58 : flushing session
23:18:46,558 DEBUG AbstractFlushingEventListener:111 : processing flush-time cascades
23:18:46,558 DEBUG AbstractFlushingEventListener:154 : dirty checking collections
23:18:46,558 DEBUG AbstractFlushingEventListener:171 : Flushing entities and processing referenced collections
23:18:46,561 DEBUG AbstractFlushingEventListener:210 : Processing unreferenced collections
23:18:46,561 DEBUG AbstractFlushingEventListener:224 : Scheduling collection removes/(re)creates/updates
23:18:46,562 DEBUG AbstractFlushingEventListener:85 : Flushed: 0 insertions, 0 updates, 0 deletions to 1 objects
23:18:46,562 DEBUG AbstractFlushingEventListener:91 : Flushed: 0 (re)creations, 0 updates, 0 removals to 0 collections
23:18:46,563 DEBUG Printer:83 : listing entities:
23:18:46,564 DEBUG Printer:90 : model.User{id=3, name=apple, password=123456}
23:18:46,564 DEBUG AbstractFlushingEventListener:290 : executing flush
23:18:46,564 DEBUG ConnectionManager:469 : registering flush begin
23:18:46,564 DEBUG ConnectionManager:478 : registering flush end
23:18:46,565 DEBUG AbstractFlushingEventListener:321 : post flush
23:18:46,565 DEBUG JDBCContext:205 : before transaction completion
23:18:46,565 DEBUG SessionImpl:393 : before transaction completion
23:18:46,570 DEBUG JDBCTransaction:116 : committed JDBC Connection
23:18:46,570 DEBUG JDBCContext:219 : after transaction completion
23:18:46,570 DEBUG ConnectionManager:404 : aggressively releasing JDBC connection
23:18:46,570 DEBUG ConnectionManager:441 : releasing JDBC connection [ (open PreparedStatements: 0, globally: 0) (open ResultSets: 0, globally: 0)]
23:18:46,571 DEBUG DriverManagerConnectionProvider:129 : returning connection to pool, pool size: 1
23:18:46,571 DEBUG SessionImpl:422 : after transaction completion
23:18:46,572 DEBUG SessionImpl:273 : closing session
23:18:46,572 DEBUG ConnectionManager:375 : connection already null in cleanup : no action
23:18:46,574  INFO SessionFactoryImpl:769 : closing
23:18:46,574  INFO DriverManagerConnectionProvider:147 : cleaning up connection pool: jdbc:sqlite:1.db
